
  VITE v4.5.14  ready in 1005 ms

  ➜  Local:   http://localhost:5173/
  ➜  Network: http://172.26.112.1:5173/
  ➜  Network: http://192.168.0.110:5173/
10:43:06 [vite] page reload src/game/state.ts
10:43:06 [vite] page reload src/game/state.ts
10:43:07 [vite] page reload src/game/state.ts
10:43:07 [vite] page reload src/game/state.ts
10:43:07 [vite] page reload src/game/state.ts
10:43:08 [vite] page reload src/game/state.ts
10:43:08 [vite] page reload src/game/state.ts
10:43:08 [vite] page reload src/game/state.ts
10:43:09 [vite] page reload src/game/state.ts
10:43:09 [vite] page reload src/game/state.ts
10:43:10 [vite] page reload src/game/state.ts
10:43:10 [vite] page reload src/game/state.ts
10:43:10 [vite] page reload src/game/state.ts
10:43:12 [vite] page reload src/game/state.ts
10:43:12 [vite] page reload src/game/state.ts
10:43:13 [vite] page reload src/game/state.ts
10:43:13 [vite] page reload src/game/state.ts
10:43:13 [vite] page reload src/game/state.ts
10:43:13 [vite] page reload src/game/state.ts
10:43:14 [vite] page reload src/game/state.ts
10:43:14 [vite] page reload src/game/state.ts
10:43:14 [vite] page reload src/game/state.ts
10:43:15 [vite] page reload src/game/state.ts
10:43:15 [vite] page reload src/game/state.ts
10:43:15 [vite] page reload src/game/state.ts
10:43:16 [vite] page reload src/game/state.ts
10:43:16 [vite] page reload src/game/state.ts
10:43:16 [vite] page reload src/game/state.ts
10:43:17 [vite] page reload src/game/state.ts
10:43:17 [vite] page reload src/game/state.ts
10:43:17 [vite] page reload src/game/state.ts
10:43:18 [vite] page reload src/game/state.ts
10:43:18 [vite] page reload src/game/state.ts
10:43:18 [vite] page reload src/game/state.ts
10:43:19 [vite] page reload src/game/state.ts
10:43:19 [vite] page reload src/game/state.ts
10:43:19 [vite] page reload src/game/state.ts
10:43:20 [vite] page reload src/game/state.ts
10:43:20 [vite] page reload src/game/state.ts
10:43:20 [vite] page reload src/game/state.ts
10:43:21 [vite] page reload src/game/state.ts
10:43:21 [vite] page reload src/game/state.ts
10:43:21 [vite] page reload src/game/state.ts
10:43:22 [vite] page reload src/game/state.ts
10:43:22 [vite] page reload src/game/state.ts
10:43:22 [vite] page reload src/game/state.ts
10:43:23 [vite] page reload src/game/state.ts
10:43:23 [vite] page reload src/game/state.ts
10:43:23 [vite] page reload src/game/state.ts
10:43:24 [vite] page reload src/game/state.ts
10:43:24 [vite] page reload src/game/state.ts
10:43:24 [vite] page reload src/game/state.ts
10:43:25 [vite] page reload src/game/state.ts
10:43:25 [vite] page reload src/game/state.ts
10:43:25 [vite] page reload src/game/state.ts
10:43:26 [vite] page reload src/game/state.ts
10:43:26 [vite] page reload src/game/state.ts
10:43:26 [vite] page reload src/game/state.ts
10:43:27 [vite] page reload src/game/state.ts
10:43:27 [vite] page reload src/game/state.ts
10:43:27 [vite] page reload src/game/state.ts
10:43:27 [vite] page reload src/game/state.ts
10:45:39 [vite] page reload src/main.ts
11:03:36 [vite] page reload src/game/state.ts
11:03:37 [vite] page reload src/game/state.ts
11:03:37 [vite] page reload src/game/state.ts
11:03:38 [vite] page reload src/game/state.ts
11:03:38 [vite] page reload src/game/state.ts
11:03:38 [vite] page reload src/game/state.ts
11:03:38 [vite] page reload src/game/state.ts
11:03:39 [vite] page reload src/game/state.ts
11:03:39 [vite] page reload src/game/state.ts
11:03:40 [vite] page reload src/game/state.ts
11:03:40 [vite] page reload src/game/state.ts
11:03:40 [vite] page reload src/game/state.ts
11:03:41 [vite] page reload src/game/state.ts
11:03:41 [vite] page reload src/game/state.ts
11:03:42 [vite] page reload src/game/state.ts
11:03:42 [vite] page reload src/game/state.ts
11:03:42 [vite] page reload src/game/state.ts
11:03:42 [vite] page reload src/game/state.ts
11:03:43 [vite] page reload src/game/state.ts
11:03:43 [vite] page reload src/game/state.ts
11:03:43 [vite] page reload src/game/state.ts
11:03:44 [vite] page reload src/game/state.ts
11:03:44 [vite] page reload src/game/state.ts
11:03:44 [vite] page reload src/game/state.ts
11:03:45 [vite] page reload src/game/state.ts
11:03:45 [vite] page reload src/game/state.ts
11:03:45 [vite] page reload src/game/state.ts
11:03:46 [vite] page reload src/game/state.ts
11:03:46 [vite] page reload src/game/state.ts
11:03:46 [vite] page reload src/game/state.ts
11:03:46 [vite] page reload src/game/state.ts
11:03:47 [vite] page reload src/game/state.ts
11:03:47 [vite] page reload src/game/state.ts
11:03:47 [vite] page reload src/game/state.ts
11:03:48 [vite] page reload src/game/state.ts
11:03:48 [vite] page reload src/game/state.ts
11:03:48 [vite] page reload src/game/state.ts
11:03:48 [vite] page reload src/game/state.ts
11:03:49 [vite] page reload src/game/state.ts
11:03:49 [vite] page reload src/game/state.ts
11:03:50 [vite] page reload src/game/state.ts
11:03:50 [vite] page reload src/game/state.ts
11:03:50 [vite] page reload src/game/state.ts
11:03:50 [vite] page reload src/game/state.ts
11:03:51 [vite] page reload src/game/state.ts
11:03:51 [vite] page reload src/game/state.ts
11:03:52 [vite] page reload src/game/state.ts
11:03:52 [vite] page reload src/game/state.ts
11:03:52 [vite] page reload src/game/state.ts
11:03:53 [vite] page reload src/game/state.ts
11:03:54 [vite] page reload src/game/state.ts
11:03:54 [vite] page reload src/game/state.ts
11:03:54 [vite] page reload src/game/state.ts
11:03:55 [vite] page reload src/game/state.ts
11:03:55 [vite] page reload src/game/state.ts
11:03:56 [vite] page reload src/game/state.ts
11:03:56 [vite] page reload src/game/state.ts
11:03:56 [vite] page reload src/game/state.ts
11:03:57 [vite] page reload src/game/state.ts
11:03:57 [vite] page reload src/game/state.ts
11:03:57 [vite] page reload src/game/state.ts
11:03:58 [vite] page reload src/game/state.ts
11:03:58 [vite] page reload src/game/state.ts
11:03:58 [vite] page reload src/game/state.ts
11:03:59 [vite] page reload src/game/state.ts
11:03:59 [vite] page reload src/game/state.ts
11:04:00 [vite] page reload src/game/state.ts
11:04:00 [vite] page reload src/game/state.ts
11:04:00 [vite] page reload src/game/state.ts
11:04:01 [vite] page reload src/game/state.ts
11:04:01 [vite] page reload src/game/state.ts
11:04:02 [vite] page reload src/game/state.ts
11:04:02 [vite] page reload src/game/state.ts
11:04:02 [vite] page reload src/game/state.ts
11:04:02 [vite] page reload src/game/state.ts
11:04:03 [vite] page reload src/game/state.ts
11:04:03 [vite] page reload src/game/state.ts
11:04:04 [vite] page reload src/game/state.ts
11:04:04 [vite] page reload src/game/state.ts
11:04:06 [vite] page reload src/game/state.ts
11:04:06 [vite] page reload src/game/state.ts
11:04:06 [vite] page reload src/game/state.ts
11:04:06 [vite] page reload src/game/state.ts
11:04:07 [vite] page reload src/game/state.ts
11:04:07 [vite] page reload src/game/state.ts
11:04:08 [vite] page reload src/game/state.ts
11:04:08 [vite] page reload src/game/state.ts
11:04:08 [vite] page reload src/game/state.ts
11:04:09 [vite] page reload src/game/state.ts
11:04:09 [vite] page reload src/game/state.ts
11:04:09 [vite] page reload src/game/state.ts
11:04:10 [vite] page reload src/game/state.ts
11:04:10 [vite] page reload src/game/state.ts
11:04:10 [vite] page reload src/game/state.ts
11:04:11 [vite] page reload src/game/state.ts
11:04:11 [vite] page reload src/game/state.ts
11:04:11 [vite] page reload src/game/state.ts
11:04:12 [vite] page reload src/game/state.ts
11:04:12 [vite] page reload src/game/state.ts
11:04:12 [vite] page reload src/game/state.ts
11:04:13 [vite] page reload src/game/state.ts
11:04:13 [vite] page reload src/game/state.ts
11:04:13 [vite] page reload src/game/state.ts
11:04:14 [vite] page reload src/game/state.ts
11:04:14 [vite] page reload src/game/state.ts
11:04:14 [vite] page reload src/game/state.ts
11:04:15 [vite] page reload src/game/state.ts
11:04:15 [vite] page reload src/game/state.ts
11:04:15 [vite] page reload src/game/state.ts
11:04:16 [vite] page reload src/game/state.ts
11:04:16 [vite] page reload src/game/state.ts
11:04:16 [vite] page reload src/game/state.ts
11:04:17 [vite] page reload src/game/state.ts
11:04:17 [vite] page reload src/game/state.ts
11:04:18 [vite] page reload src/game/state.ts
11:04:18 [vite] page reload src/game/state.ts
11:04:18 [vite] page reload src/game/state.ts
11:04:18 [vite] page reload src/game/state.ts
11:04:19 [vite] page reload src/game/state.ts
11:04:19 [vite] page reload src/game/state.ts
11:04:20 [vite] page reload src/game/state.ts
11:04:20 [vite] page reload src/game/state.ts
11:04:20 [vite] page reload src/game/state.ts
11:04:21 [vite] page reload src/game/state.ts
11:04:21 [vite] page reload src/game/state.ts
11:04:22 [vite] page reload src/game/state.ts
11:04:22 [vite] page reload src/game/state.ts
11:04:22 [vite] page reload src/game/state.ts
11:04:23 [vite] page reload src/game/state.ts
11:04:24 [vite] page reload src/game/state.ts
11:04:24 [vite] page reload src/game/state.ts
11:04:25 [vite] page reload src/game/state.ts
11:04:25 [vite] page reload src/game/state.ts
11:04:26 [vite] page reload src/game/state.ts
11:04:26 [vite] page reload src/game/state.ts
11:04:26 [vite] page reload src/game/state.ts
11:04:27 [vite] page reload src/game/state.ts
11:04:27 [vite] page reload src/game/state.ts
11:04:28 [vite] page reload src/game/state.ts
11:04:28 [vite] page reload src/game/state.ts
11:04:28 [vite] page reload src/game/state.ts
11:04:29 [vite] page reload src/game/state.ts
11:04:29 [vite] page reload src/game/state.ts
11:04:29 [vite] page reload src/game/state.ts
11:04:30 [vite] page reload src/game/state.ts
11:04:31 [vite] page reload src/game/state.ts
11:04:32 [vite] page reload src/game/state.ts
11:04:32 [vite] page reload src/game/state.ts
11:04:33 [vite] page reload src/game/state.ts
11:04:33 [vite] page reload src/game/state.ts
11:04:33 [vite] page reload src/game/state.ts
11:04:34 [vite] page reload src/game/state.ts
11:04:34 [vite] page reload src/game/state.ts
11:04:34 [vite] page reload src/game/state.ts
11:05:11 [vite] page reload src/main.ts
11:05:44 [vite] page reload src/main.ts
11:07:04 [vite] page reload src/game/state.ts
12:40:18 [vite] page reload index.html
12:41:02 [vite] page reload src/game/state.ts
12:41:36 [vite] page reload src/main.ts
12:43:01 [vite] page reload src/main.ts
12:52:12 [vite] page reload src/main.ts
12:58:36 [vite] page reload src/game/state.ts
12:59:15 [vite] page reload src/game/state.ts
12:59:52 [vite] page reload src/game/state.ts
13:00:45 [vite] page reload src/main.ts
13:04:33 [vite] page reload src/main.ts
13:04:33 [vite] page reload src/main.ts
13:04:33 [vite] page reload src/main.ts
13:04:33 [vite] page reload src/main.ts
13:04:34 [vite] page reload src/main.ts
13:04:34 [vite] page reload src/main.ts
13:04:34 [vite] page reload src/main.ts
13:04:35 [vite] page reload src/main.ts
13:04:35 [vite] page reload src/main.ts
13:04:35 [vite] page reload src/main.ts
13:04:36 [vite] page reload src/main.ts
13:04:36 [vite] page reload src/main.ts
13:04:36 [vite] page reload src/main.ts
13:04:36 [vite] page reload src/main.ts
13:04:37 [vite] page reload src/main.ts
13:04:37 [vite] page reload src/main.ts
13:04:37 [vite] page reload src/main.ts
13:04:38 [vite] page reload src/main.ts
13:04:38 [vite] page reload src/main.ts
13:04:38 [vite] page reload src/main.ts
13:04:39 [vite] page reload src/main.ts
13:04:39 [vite] page reload src/main.ts
13:04:39 [vite] page reload src/main.ts
13:04:40 [vite] page reload src/main.ts
13:04:40 [vite] page reload src/main.ts
13:04:40 [vite] page reload src/main.ts
13:04:41 [vite] page reload src/main.ts
13:04:41 [vite] page reload src/main.ts
13:04:41 [vite] page reload src/main.ts
13:04:42 [vite] page reload src/main.ts
13:04:42 [vite] page reload src/main.ts
13:04:42 [vite] page reload src/main.ts
13:04:43 [vite] page reload src/main.ts
13:04:43 [vite] page reload src/main.ts
13:04:43 [vite] page reload src/main.ts
13:04:44 [vite] page reload src/main.ts
13:04:44 [vite] page reload src/main.ts
13:04:44 [vite] page reload src/main.ts
13:04:45 [vite] page reload src/main.ts
13:04:45 [vite] page reload src/main.ts
13:04:45 [vite] page reload src/main.ts
13:04:46 [vite] page reload src/main.ts
13:04:46 [vite] page reload src/main.ts
13:04:46 [vite] page reload src/main.ts
13:04:46 [vite] page reload src/main.ts
13:04:47 [vite] page reload src/main.ts
13:04:48 [vite] page reload src/main.ts
13:04:48 [vite] page reload src/main.ts
13:04:49 [vite] page reload src/main.ts
13:04:49 [vite] page reload src/main.ts
13:04:49 [vite] page reload src/main.ts
13:04:50 [vite] page reload src/main.ts
13:04:50 [vite] page reload src/main.ts
13:04:50 [vite] page reload src/main.ts
13:04:50 [vite] page reload src/main.ts
13:04:51 [vite] page reload src/main.ts
13:04:51 [vite] page reload src/main.ts
13:04:51 [vite] page reload src/main.ts
13:04:52 [vite] page reload src/main.ts
13:04:52 [vite] page reload src/main.ts
13:04:53 [vite] page reload src/main.ts
13:04:53 [vite] page reload src/main.ts
13:04:53 [vite] page reload src/main.ts
13:04:54 [vite] page reload src/main.ts
13:04:54 [vite] page reload src/main.ts
13:04:54 [vite] page reload src/main.ts
13:04:55 [vite] page reload src/main.ts
13:04:55 [vite] page reload src/main.ts
13:04:55 [vite] page reload src/main.ts
13:04:55 [vite] page reload src/main.ts
13:04:56 [vite] page reload src/main.ts
13:04:56 [vite] page reload src/main.ts
13:04:57 [vite] page reload src/main.ts
13:04:57 [vite] page reload src/main.ts
13:04:57 [vite] page reload src/main.ts
13:04:58 [vite] page reload src/main.ts
13:04:58 [vite] page reload src/main.ts
13:04:58 [vite] page reload src/main.ts
13:04:58 [vite] page reload src/main.ts
13:04:59 [vite] page reload src/main.ts
13:04:59 [vite] page reload src/main.ts
13:04:59 [vite] page reload src/main.ts
13:05:00 [vite] page reload src/main.ts
13:05:00 [vite] page reload src/main.ts
13:05:00 [vite] page reload src/main.ts
13:05:01 [vite] page reload src/main.ts
13:05:01 [vite] page reload src/main.ts
13:05:01 [vite] page reload src/main.ts
13:05:01 [vite] page reload src/main.ts
13:05:02 [vite] page reload src/main.ts
13:05:02 [vite] page reload src/main.ts
13:05:03 [vite] page reload src/main.ts
13:05:03 [vite] page reload src/main.ts
13:05:04 [vite] page reload src/main.ts
13:05:04 [vite] page reload src/main.ts
13:05:04 [vite] page reload src/main.ts
13:05:04 [vite] page reload src/main.ts
13:05:05 [vite] page reload src/main.ts
13:05:05 [vite] page reload src/main.ts
13:05:06 [vite] page reload src/main.ts
13:05:06 [vite] page reload src/main.ts
13:05:06 [vite] page reload src/main.ts
13:05:06 [vite] page reload src/main.ts
13:05:07 [vite] page reload src/main.ts
13:05:07 [vite] page reload src/main.ts
13:05:07 [vite] page reload src/main.ts
13:05:08 [vite] page reload src/main.ts
13:05:08 [vite] page reload src/main.ts
13:05:08 [vite] page reload src/main.ts
13:05:09 [vite] page reload src/main.ts
13:05:09 [vite] page reload src/main.ts
13:05:09 [vite] page reload src/main.ts
13:05:09 [vite] page reload src/main.ts
13:05:10 [vite] page reload src/main.ts
13:05:10 [vite] page reload src/main.ts
13:05:10 [vite] page reload src/main.ts
13:05:11 [vite] page reload src/main.ts
13:05:11 [vite] page reload src/main.ts
13:05:11 [vite] page reload src/main.ts
13:05:12 [vite] page reload src/main.ts
13:05:12 [vite] page reload src/main.ts
13:05:12 [vite] page reload src/main.ts
13:05:13 [vite] page reload src/main.ts
13:05:13 [vite] page reload src/main.ts
13:05:13 [vite] page reload src/main.ts
13:05:14 [vite] page reload src/main.ts
13:05:15 [vite] page reload src/main.ts
13:05:15 [vite] page reload src/main.ts
13:05:15 [vite] page reload src/main.ts
13:05:16 [vite] page reload src/main.ts
13:05:16 [vite] page reload src/main.ts
13:05:16 [vite] page reload src/main.ts
13:05:17 [vite] page reload src/main.ts
13:05:17 [vite] page reload src/main.ts
13:05:17 [vite] page reload src/main.ts
13:05:18 [vite] page reload src/main.ts
13:05:18 [vite] page reload src/main.ts
13:05:18 [vite] page reload src/main.ts
13:05:19 [vite] page reload src/main.ts
13:05:19 [vite] page reload src/main.ts
13:05:19 [vite] page reload src/main.ts
13:05:20 [vite] page reload src/main.ts
13:05:20 [vite] page reload src/main.ts
13:05:20 [vite] page reload src/main.ts
13:05:21 [vite] page reload src/main.ts
13:05:21 [vite] page reload src/main.ts
13:05:22 [vite] page reload src/main.ts
13:05:22 [vite] page reload src/main.ts
13:05:22 [vite] page reload src/main.ts
13:05:22 [vite] page reload src/main.ts
13:05:23 [vite] page reload src/main.ts
13:05:23 [vite] page reload src/main.ts
13:05:23 [vite] page reload src/main.ts
13:05:24 [vite] page reload src/main.ts
13:05:24 [vite] page reload src/main.ts
13:05:24 [vite] page reload src/main.ts
13:05:25 [vite] page reload src/main.ts
13:05:25 [vite] page reload src/main.ts
13:05:25 [vite] page reload src/main.ts
13:05:26 [vite] page reload src/main.ts
13:05:26 [vite] page reload src/main.ts
13:05:26 [vite] page reload src/main.ts
13:05:27 [vite] page reload src/main.ts
13:05:27 [vite] page reload src/main.ts
13:05:28 [vite] page reload src/main.ts
13:05:28 [vite] page reload src/main.ts
13:05:28 [vite] page reload src/main.ts
13:05:29 [vite] page reload src/main.ts
13:05:29 [vite] page reload src/main.ts
13:05:29 [vite] page reload src/main.ts
13:05:30 [vite] page reload src/main.ts
13:05:30 [vite] page reload src/main.ts
13:05:30 [vite] page reload src/main.ts
13:05:30 [vite] page reload src/main.ts
13:05:31 [vite] page reload src/main.ts
13:05:31 [vite] page reload src/main.ts
13:05:31 [vite] page reload src/main.ts
13:05:32 [vite] page reload src/main.ts
13:05:32 [vite] page reload src/main.ts
13:05:33 [vite] page reload src/main.ts
13:05:33 [vite] page reload src/main.ts
13:05:34 [vite] page reload src/main.ts
13:05:34 [vite] page reload src/main.ts
13:05:35 [vite] page reload src/main.ts
13:05:35 [vite] page reload src/main.ts
13:05:35 [vite] page reload src/main.ts
13:05:36 [vite] page reload src/main.ts
13:05:36 [vite] page reload src/main.ts
13:05:37 [vite] page reload src/main.ts
13:05:37 [vite] page reload src/main.ts
13:05:37 [vite] page reload src/main.ts
13:05:38 [vite] page reload src/main.ts
13:05:38 [vite] page reload src/main.ts
13:05:39 [vite] page reload src/main.ts
13:05:39 [vite] page reload src/main.ts
13:05:39 [vite] page reload src/main.ts
13:05:40 [vite] page reload src/main.ts
13:05:40 [vite] page reload src/main.ts
13:05:40 [vite] page reload src/main.ts
13:05:41 [vite] page reload src/main.ts
13:05:41 [vite] page reload src/main.ts
13:05:42 [vite] page reload src/main.ts
13:05:42 [vite] page reload src/main.ts
13:05:42 [vite] page reload src/main.ts
13:05:43 [vite] page reload src/main.ts
13:05:43 [vite] page reload src/main.ts
13:05:44 [vite] page reload src/main.ts
13:05:44 [vite] page reload src/main.ts
13:05:44 [vite] page reload src/main.ts
13:05:45 [vite] page reload src/main.ts
13:05:45 [vite] page reload src/main.ts
13:05:46 [vite] page reload src/main.ts
13:05:46 [vite] page reload src/main.ts
13:05:47 [vite] page reload src/main.ts
13:05:47 [vite] page reload src/main.ts
13:05:47 [vite] page reload src/main.ts
13:05:48 [vite] page reload src/main.ts
13:05:48 [vite] page reload src/main.ts
13:05:48 [vite] page reload src/main.ts
13:05:49 [vite] page reload src/main.ts
13:05:49 [vite] page reload src/main.ts
13:05:50 [vite] page reload src/main.ts
13:05:51 [vite] page reload src/main.ts
13:05:51 [vite] page reload src/main.ts
13:05:52 [vite] page reload src/main.ts
13:05:52 [vite] page reload src/main.ts
13:05:53 [vite] page reload src/main.ts
13:05:54 [vite] page reload src/main.ts
13:05:54 [vite] page reload src/main.ts
13:05:55 [vite] page reload src/main.ts
13:05:56 [vite] page reload src/main.ts
13:05:56 [vite] page reload src/main.ts
13:05:57 [vite] page reload src/main.ts
13:05:57 [vite] page reload src/main.ts
13:05:58 [vite] page reload src/main.ts
13:05:59 [vite] page reload src/main.ts
13:06:00 [vite] page reload src/main.ts
13:06:01 [vite] page reload src/main.ts
13:06:01 [vite] page reload src/main.ts
13:06:02 [vite] page reload src/main.ts
13:06:02 [vite] page reload src/main.ts
13:06:03 [vite] page reload src/main.ts
13:06:04 [vite] page reload src/main.ts
13:06:05 [vite] page reload src/main.ts
13:06:05 [vite] page reload src/main.ts
13:06:06 [vite] page reload src/main.ts
13:06:06 [vite] page reload src/main.ts
13:06:07 [vite] page reload src/main.ts
13:06:07 [vite] page reload src/main.ts
13:06:08 [vite] page reload src/main.ts
13:06:08 [vite] page reload src/main.ts
13:06:09 [vite] page reload src/main.ts
13:06:10 [vite] page reload src/main.ts
13:06:10 [vite] page reload src/main.ts
13:06:12 [vite] page reload src/main.ts
13:06:12 [vite] page reload src/main.ts
13:06:12 [vite] page reload src/main.ts
13:06:13 [vite] page reload src/main.ts
13:06:14 [vite] page reload src/main.ts
13:06:14 [vite] page reload src/main.ts
13:06:15 [vite] page reload src/main.ts
13:06:16 [vite] page reload src/main.ts
13:06:17 [vite] page reload src/main.ts
13:06:17 [vite] page reload src/main.ts
13:06:17 [vite] page reload src/main.ts
13:06:18 [vite] page reload src/main.ts
13:06:18 [vite] page reload src/main.ts
13:06:19 [vite] page reload src/main.ts
13:06:19 [vite] page reload src/main.ts
13:06:20 [vite] page reload src/main.ts
13:06:21 [vite] page reload src/main.ts
13:06:21 [vite] page reload src/main.ts
13:06:22 [vite] page reload src/main.ts
13:06:22 [vite] page reload src/main.ts
13:06:23 [vite] page reload src/main.ts
13:06:23 [vite] page reload src/main.ts
13:06:24 [vite] page reload src/main.ts
13:06:24 [vite] page reload src/main.ts
13:06:25 [vite] page reload src/main.ts
13:06:25 [vite] page reload src/main.ts
13:06:26 [vite] page reload src/main.ts
13:06:26 [vite] page reload src/main.ts
13:06:27 [vite] page reload src/main.ts
13:06:27 [vite] page reload src/main.ts
13:06:28 [vite] page reload src/main.ts
13:06:28 [vite] page reload src/main.ts
13:06:28 [vite] page reload src/main.ts
13:06:29 [vite] page reload src/main.ts
13:06:29 [vite] page reload src/main.ts
13:06:30 [vite] page reload src/main.ts
13:06:30 [vite] page reload src/main.ts
13:06:31 [vite] page reload src/main.ts
13:06:31 [vite] page reload src/main.ts
13:06:32 [vite] page reload src/main.ts
13:06:32 [vite] page reload src/main.ts
13:06:33 [vite] page reload src/main.ts
13:06:33 [vite] page reload src/main.ts
13:06:33 [vite] page reload src/main.ts
13:06:34 [vite] page reload src/main.ts
13:06:34 [vite] page reload src/main.ts
13:06:35 [vite] page reload src/main.ts
13:06:35 [vite] page reload src/main.ts
13:06:36 [vite] page reload src/main.ts
13:06:36 [vite] page reload src/main.ts
13:06:37 [vite] page reload src/main.ts
13:06:37 [vite] page reload src/main.ts
13:06:38 [vite] page reload src/main.ts
13:06:38 [vite] page reload src/main.ts
13:06:38 [vite] page reload src/main.ts
13:06:39 [vite] page reload src/main.ts
13:06:39 [vite] page reload src/main.ts
13:06:39 [vite] page reload src/main.ts
13:06:40 [vite] page reload src/main.ts
13:06:40 [vite] page reload src/main.ts
13:06:40 [vite] page reload src/main.ts
13:06:41 [vite] page reload src/main.ts
13:06:41 [vite] page reload src/main.ts
13:06:41 [vite] page reload src/main.ts
13:06:42 [vite] page reload src/main.ts
13:06:43 [vite] page reload src/main.ts
13:06:44 [vite] page reload src/main.ts
13:06:45 [vite] page reload src/main.ts
13:06:45 [vite] page reload src/main.ts
13:06:46 [vite] page reload src/main.ts
13:06:46 [vite] page reload src/main.ts
13:06:47 [vite] page reload src/main.ts
13:06:47 [vite] page reload src/main.ts
13:06:48 [vite] page reload src/main.ts
13:06:48 [vite] page reload src/main.ts
13:06:49 [vite] page reload src/main.ts
13:06:49 [vite] page reload src/main.ts
13:06:50 [vite] page reload src/main.ts
13:06:50 [vite] page reload src/main.ts
13:06:50 [vite] page reload src/main.ts
13:06:51 [vite] page reload src/main.ts
13:06:52 [vite] page reload src/main.ts
13:06:52 [vite] page reload src/main.ts
13:06:53 [vite] page reload src/main.ts
13:06:53 [vite] page reload src/main.ts
13:06:54 [vite] page reload src/main.ts
13:06:55 [vite] page reload src/main.ts
13:06:55 [vite] page reload src/main.ts
13:06:55 [vite] page reload src/main.ts
13:06:56 [vite] page reload src/main.ts
13:06:56 [vite] page reload src/main.ts
13:06:57 [vite] page reload src/main.ts
13:06:57 [vite] page reload src/main.ts
13:06:58 [vite] page reload src/main.ts
13:06:58 [vite] page reload src/main.ts
13:06:59 [vite] page reload src/main.ts
13:07:00 [vite] page reload src/main.ts
13:07:01 [vite] page reload src/main.ts
13:07:01 [vite] page reload src/main.ts
13:07:02 [vite] page reload src/main.ts
13:07:02 [vite] page reload src/main.ts
13:07:02 [vite] page reload src/main.ts
13:07:03 [vite] page reload src/main.ts
13:07:03 [vite] page reload src/main.ts
13:07:04 [vite] page reload src/main.ts
13:07:04 [vite] page reload src/main.ts
13:07:05 [vite] page reload src/main.ts
13:07:05 [vite] page reload src/main.ts
13:07:05 [vite] page reload src/main.ts
13:07:06 [vite] page reload src/main.ts
13:07:06 [vite] page reload src/main.ts
13:07:07 [vite] page reload src/main.ts
13:07:08 [vite] page reload src/main.ts
13:07:08 [vite] page reload src/main.ts
13:07:09 [vite] page reload src/main.ts
13:07:09 [vite] page reload src/main.ts
13:07:10 [vite] page reload src/main.ts
13:07:10 [vite] page reload src/main.ts
13:07:10 [vite] page reload src/main.ts
13:07:11 [vite] page reload src/main.ts
13:07:11 [vite] page reload src/main.ts
13:07:12 [vite] page reload src/main.ts
13:07:12 [vite] page reload src/main.ts
13:07:12 [vite] page reload src/main.ts
13:07:13 [vite] page reload src/main.ts
13:07:13 [vite] page reload src/main.ts
13:07:14 [vite] page reload src/main.ts
13:07:14 [vite] page reload src/main.ts
13:07:15 [vite] page reload src/main.ts
13:07:15 [vite] page reload src/main.ts
13:07:15 [vite] page reload src/main.ts
13:07:16 [vite] page reload src/main.ts
13:07:16 [vite] page reload src/main.ts
13:07:17 [vite] page reload src/main.ts
13:07:17 [vite] page reload src/main.ts
13:07:17 [vite] page reload src/main.ts
13:07:18 [vite] page reload src/main.ts
13:07:18 [vite] page reload src/main.ts
13:07:19 [vite] page reload src/main.ts
13:07:19 [vite] page reload src/main.ts
13:07:19 [vite] page reload src/main.ts
13:07:20 [vite] page reload src/main.ts
13:07:20 [vite] page reload src/main.ts
13:07:20 [vite] page reload src/main.ts
13:07:21 [vite] page reload src/main.ts
13:07:21 [vite] page reload src/main.ts
13:07:21 [vite] page reload src/main.ts
13:07:22 [vite] page reload src/main.ts
13:07:22 [vite] page reload src/main.ts
13:07:22 [vite] page reload src/main.ts
13:07:23 [vite] page reload src/main.ts
13:07:24 [vite] page reload src/main.ts
13:07:24 [vite] page reload src/main.ts
13:07:25 [vite] page reload src/main.ts
13:07:26 [vite] page reload src/main.ts
13:07:27 [vite] page reload src/main.ts
13:07:27 [vite] page reload src/main.ts
13:07:28 [vite] page reload src/main.ts
13:07:28 [vite] page reload src/main.ts
13:07:29 [vite] page reload src/main.ts
13:07:29 [vite] page reload src/main.ts
13:07:30 [vite] page reload src/main.ts
13:07:30 [vite] page reload src/main.ts
13:07:31 [vite] page reload src/main.ts
13:07:31 [vite] page reload src/main.ts
13:07:32 [vite] page reload src/main.ts
13:07:33 [vite] page reload src/main.ts
13:07:33 [vite] page reload src/main.ts
13:07:34 [vite] page reload src/main.ts
13:07:34 [vite] page reload src/main.ts
13:07:35 [vite] page reload src/main.ts
13:07:35 [vite] page reload src/main.ts
13:07:36 [vite] page reload src/main.ts
13:07:36 [vite] page reload src/main.ts
13:07:37 [vite] page reload src/main.ts
13:07:37 [vite] page reload src/main.ts
13:07:38 [vite] page reload src/main.ts
13:07:38 [vite] page reload src/main.ts
13:07:39 [vite] page reload src/main.ts
13:07:40 [vite] page reload src/main.ts
13:07:40 [vite] page reload src/main.ts
13:07:41 [vite] page reload src/main.ts
13:07:42 [vite] page reload src/main.ts
13:07:42 [vite] page reload src/main.ts
13:07:42 [vite] page reload src/main.ts
13:07:43 [vite] page reload src/main.ts
13:07:43 [vite] page reload src/main.ts
13:07:44 [vite] page reload src/main.ts
13:07:45 [vite] page reload src/main.ts
13:07:46 [vite] page reload src/main.ts
13:07:47 [vite] page reload src/main.ts
13:07:48 [vite] page reload src/main.ts
13:07:48 [vite] page reload src/main.ts
13:07:49 [vite] page reload src/main.ts
13:07:52 [vite] page reload src/main.ts
13:07:52 [vite] page reload src/main.ts
13:07:53 [vite] page reload src/main.ts
13:07:54 [vite] page reload src/main.ts
13:07:54 [vite] page reload src/main.ts
13:07:55 [vite] page reload src/main.ts
13:07:55 [vite] page reload src/main.ts
13:07:56 [vite] page reload src/main.ts
13:07:56 [vite] page reload src/main.ts
13:07:57 [vite] page reload src/main.ts
13:07:58 [vite] page reload src/main.ts
13:07:59 [vite] page reload src/main.ts
13:07:59 [vite] page reload src/main.ts
13:08:00 [vite] page reload src/main.ts
13:08:01 [vite] page reload src/main.ts
13:08:01 [vite] page reload src/main.ts
13:08:02 [vite] page reload src/main.ts
13:08:02 [vite] page reload src/main.ts
13:08:04 [vite] page reload src/main.ts
13:08:04 [vite] page reload src/main.ts
13:08:05 [vite] page reload src/main.ts
13:08:27 [vite] page reload src/main.ts
13:09:59 [vite] page reload src/main.ts
13:13:22 [vite] page reload shared/types.ts
13:18:06 [vite] page reload src/main.ts
13:18:36 [vite] page reload src/main.ts
13:20:07 [vite] page reload src/main.ts
13:21:33 [vite] page reload src/main.ts
13:37:15 [vite] page reload shared/types.ts
13:47:22 [vite] page reload src/main.ts
13:48:23 [vite] page reload src/game/state.ts
13:53:08 [vite] page reload src/main.ts
13:53:26 [vite] page reload src/main.ts
14:01:56 [vite] page reload src/main.ts
14:02:20 [vite] page reload src/main.ts
14:03:15 [vite] page reload src/game/state.ts
14:03:48 [vite] page reload src/game/state.ts
14:04:17 [vite] page reload src/game/state.ts
14:04:48 [vite] page reload src/game/state.ts
14:13:38 [vite] page reload src/main.ts
14:14:24 [vite] page reload src/main.ts
14:17:51 [vite] page reload src/main.ts
14:18:09 [vite] page reload src/main.ts
14:18:28 [vite] page reload src/main.ts
14:19:40 [vite] page reload src/main.ts
14:20:10 [vite] page reload src/main.ts
15:23:31 [vite] page reload shared/types.ts
15:31:47 [vite] page reload src/main.ts
15:36:44 [vite] page reload src/main.ts
15:39:02 [vite] page reload src/main.ts
15:39:58 [vite] page reload src/main.ts
15:44:12 [vite] page reload src/main.ts
15:45:34 [vite] page reload src/main.ts
15:48:12 [vite] page reload src/main.ts
15:53:09 [vite] page reload src/main.ts
16:03:11 [vite] page reload src/main.ts
16:03:25 [vite] page reload src/main.ts
16:09:18 [vite] page reload src/main.ts
16:13:32 [vite] page reload src/main.ts
16:59:41 [vite] vite.config.ts changed, restarting server...
16:59:41 [vite] server restarted.
18:10:03 [vite] page reload src/main.ts
18:10:24 [vite] page reload src/main.ts
18:10:51 [vite] page reload src/main.ts
18:11:06 [vite] page reload src/main.ts
18:11:18 [vite] page reload src/main.ts
18:11:27 [vite] page reload src/main.ts
18:11:57 [vite] page reload src/main.ts
18:14:23 [vite] page reload shared/physics.ts
18:14:37 [vite] page reload src/main.ts
18:14:48 [vite] page reload src/main.ts
18:15:11 [vite] page reload src/main.ts
18:16:23 [vite] page reload src/main.ts
18:17:14 [vite] page reload src/main.ts
18:36:46 [vite] page reload src/main.ts
18:37:52 [vite] page reload src/main.ts
